57 [45324] INFO perfrun.launcher <> - Launcher main begin
62 [45324] INFO perfrun.launcher <> - MessageCatalogInit finished
62 [45324] INFO perfrun.launcher <> - Launcher instance created
62 [45324] INFO perfrun.launcher <> - argc = 7; cmdline = C:\Program Files (x86)\Intel\oneAPI\vtune\2025.8\bin64\amplxe-runss.exe --ui-output-format xml --ui-output-fd 1080 --option-file W:\Building\gsoc_prep\openvino\project10_poc\vtune_exploration\config\runsa.options 
71 [45324] INFO perfrun.launcher <> - New signal handler callback was added
108 [45324] INFO perfrun.perfcollector <> - SEP tool path: C:\Program Files (x86)\Intel\oneAPI\vtune\2025.8\bin64\sep.exe
121 [45324] INFO perfrun.launcher <> - create msngr2::ICliToolContext
122 [45324] INFO perfrun.launcher <> - create file finder object
122 [45324] INFO perfrun.launcher <> - create a result directory: pattern = W:\Building\gsoc_prep\openvino\project10_poc\vtune_exploration pid = 4294967295
124 [45324] INFO perfrun.launcher <> - create data directory = W:\Building\gsoc_prep\openvino\project10_poc\vtune_exploration\data.0
124 [45324] INFO perfrun.launcher <> - Creating the master collection flag
140 [45324] INFO perfrun.launcher <> - Done creating the master collection flag
140 [22748] INFO perfrun.launcher <> - plugin [remoteplug] was disabled because it doesn't support the given collection type.
141 [22748] INFO perfrun.sdk <> - Allocating TMU :W:\Building\gsoc_prep\openvino\project10_poc\vtune_exploration\data.0\systemcollector-58956-Jay.sc
141 [22748] INFO perfrun.launcher <> - plugin [] was disabled because it doesn't support the given collection type.
143 [22748] INFO perfrun.launcher <> - plugin [] was disabled because it doesn't support the given collection type.
152 [22748] INFO perfrun.launcher <> - plugin [etw.kernel] was disabled because it doesn't support the given collection type.
153 [22748] INFO perfrun.etw <> - temporary log file name: C:\Users\Jay07\AppData\Local\Temp\amplxe-tmp-Jay07\perfrun1_etw_2644060319601.etl
153 [22748] INFO perfrun.launcher <> - plugin [etw.wsa] was disabled because it doesn't support the given collection type.
153 [22748] INFO perfrun.mrte <> - system-wide mode is 0
153 [22748] INFO perfrun.mrte <> - Getting  mrte profiling environment ...
176 [22748] INFO perfrun.mrte <> - INTEL_MRTE_DATA_DIR=W:\Building\gsoc_prep\openvino\project10_poc\vtune_exploration\data.0
176 [22748] INFO perfrun.mrte <> - INTEL_MRTE_HOST_NAME=Jay
176 [22748] INFO perfrun.mrte <> - JAVA_TOOL_OPTIONS=-agentlib:amplxe_samplingmrte_javaprof_1.0
176 [22748] INFO perfrun.mrte <> - PATH=C:\Program Files (x86)\Intel\oneAPI\vtune\2025.8\bin32\runtime;C:\Program Files (x86)\Intel\oneAPI\vtune\2025.8\bin64\runtime;C:\Program Files (x86)\Intel\oneAPI\vtune\2025.8\bin64;C:\Program Files (x86)\Intel\oneAPI\tbb\latest\env\..\bin\\;C:\Program Files (x86)\Intel\oneAPI\ocloc\latest\bin;C:\Program Files (x86)\Intel\oneAPI\mkl\latest\bin;C:\Program Files (x86)\Intel\oneAPI\ippcp\latest\bin;C:\Program Files (x86)\Intel\oneAPI\ipp\latest\bin;C:\Program Files (x86)\Intel\oneAPI\dpcpp-ct\latest\env\..\bin;C:\Program Files (x86)\Intel\oneAPI\dnnl\latest\env\..\bin;C:\Program Files (x86)\Intel\oneAPI\dev-utilities\latest\bin;C:\Program Files (x86)\Intel\oneAPI\dal\latest\bin;C:\Program Files (x86)\Intel\oneAPI\compiler\latest\lib\ocloc;C:\Program Files (x86)\Intel\oneAPI\compiler\latest\bin;C:\Program Files (x86)\Intel\oneAPI\advisor\2025.4\bin64;C:\Program Files (x86)\Microsoft Visual Studio\2022\BuildTools\VC\Tools\MSVC\14.44.35207\bin\HostX64\x64;C:\Program Files (x86)\Microsoft Visual Studio\2022\BuildTools\Common7\IDE\VC\VCPackages;C:\Program Files (x86)\Microsoft Visual Studio\2022\BuildTools\Common7\IDE\CommonExtensions\Microsoft\TestWindow;C:\Program Files (x86)\Microsoft Visual Studio\2022\BuildTools\MSBuild\Current\bin\Roslyn;C:\Program Files (x86)\Microsoft SDKs\Windows\v10.0A\bin\NETFX 4.8 Tools\x64\;C:\Program Files (x86)\Microsoft Visual Studio\2022\BuildTools\Team Tools\DiagnosticsHub\Collector;C:\Program Files (x86)\Microsoft Visual Studio\2022\BuildTools\Common7\IDE\Extensions\Microsoft\CodeCoverage.Console;C:\Program Files (x86)\Windows Kits\10\bin\10.0.26100.0\\x64;C:\Program Files (x86)\Windows Kits\10\bin\\x64;C:\Program Files (x86)\Microsoft Visual Studio\2022\BuildTools\\MSBuild\Current\Bin\amd64;C:\Windows\Microsoft.NET\Framework64\v4.0.30319;C:\Program Files (x86)\Microsoft Visual Studio\2022\BuildTools\Common7\IDE\;C:\Program Files (x86)\Microsoft Visual Studio\2022\BuildTools\Common7\Tools\;C:\Program Files\NVIDIA GPU Computing Toolkit\CUDA\v12.9\bin;C:\Program Files\NVIDIA GPU Computing Toolkit\CUDA\v12.9\libnvvp;C:\Program Files\nodejs;C:\Program Files\Java\jdk-20\bin;C:\Windows\system32;C:\Windows;C:\Windows\System32\Wbem;C:\Windows\System32\WindowsPowerShell\v1.0\;C:\Windows\System32\OpenSSH\;C:\Program Files\MATLAB\R2023a\bin;C:\Program Files\Git\cmd;C:\Program Files (x86)\NVIDIA Corporation\PhysX\Common;C:\Users\Jay07\AppData\Local\Google\Cloud SDK\google-cloud-sdk\bin;C:\WINDOWS\system32;C:\WINDOWS;C:\WINDOWS\System32\Wbem;C:\WINDOWS\System32\WindowsPowerShell\v1.0\;C:\WINDOWS\System32\OpenSSH\;C:\Program Files\dotnet\;C:\Program Files\nodejs\;C:\Users\Jay07\anaconda3\condabin\conda.bat;C:\Program Files\NVIDIA Corporation\NVIDIA App\NvDLISR;C:\Program Files\NVIDIA Corporation\Nsight Compute 2025.2.0\;C:\Program Files\CMake\bin;W:\Building\gsoc_prep\openvino\temp\Windows_AMD64\tbb\bin;C:\Program Files\NVIDIA Corporation\Nsight Systems 2025.1.3\target-windows-x64;C:\Program Files\NVIDIA Corporation\Nsight Compute 2025.2.0\target\windows-desktop-win7-x64;C:\Program Files\MySQL\MySQL Shell 8.0\bin\;C:\Users\Jay07\AppData\Local\Programs\Python\Python311\Scripts\;C:\Users\Jay07\AppData\Local\Programs\Python\Python311\;C:\Users\Jay07\AppData\Local\Microsoft\WindowsApps;C:\Users\Jay07\AppData\Local\Programs\Microsoft VS Code\bin;C:\Program Files\JetBrains\IntelliJ IDEA Community Edition 2023.1.3\bin;C:\Users\Jay07\AppData\Local\gitkraken\bin;C:\Users\Jay07\AppData\Local\Microsoft\WindowsApps;C:\Program Files\swipl\bin;C:\Users\Jay07\AppData\Roaming\npm;C:\Program Files (x86)\Microsoft Visual Studio\2022\BuildTools\Common7\IDE\CommonExtensions\Microsoft\CMake\CMake\bin;C:\Program Files (x86)\Microsoft Visual Studio\2022\BuildTools\Common7\IDE\CommonExtensions\Microsoft\CMake\Ninja;C:\Program Files (x86)\Microsoft Visual Studio\2022\BuildTools\Common7\IDE\VC\Linux\bin\ConnectionManagerExe;C:\Program Files (x86)\Microsoft Visual Studio\2022\BuildTools\VC\vcpkg;C:\Program Files (x86)\Intel\oneAPI\umf\latest\bin;C:\Program Files (x86)\Intel\oneAPI\tcm\latest\bin
177 [22748] INFO perfrun.mrte <> - COR_ENABLE_PROFILING=1
177 [22748] INFO perfrun.mrte <> - COR_PROFILER={AA5E4821-E3B1-479c-B7FF-5AD047D22CED}
177 [22748] INFO perfrun.mrte <> - COMPLUS_ProfAPI_ProfilerCompatibilitySetting=EnableV2Profiler
177 [22748] INFO perfrun.mrte <> - CORECLR_ENABLE_PROFILING=1
177 [22748] INFO perfrun.mrte <> - CORECLR_PROFILER={AA5E4821-E3B1-479c-B7FF-5AD047D22CED}
177 [22748] INFO perfrun.mrte <> - CORECLR_PROFILER_PATH=C:\Program Files (x86)\Intel\oneAPI\vtune\2025.8\bin64/amplxe_samplingmrte_clrprof_1.0.dll
177 [22748] INFO perfrun.mrte <> - INTEL_MRTE_PROFILER_MODE=mixed
177 [22748] INFO perfrun.mrte <> - Data directory: W:\Building\gsoc_prep\openvino\project10_poc\vtune_exploration\data.0
177 [22748] INFO perfrun.mrte <> - Mrte plugin is initialized
177 [22748] INFO perfrun.launcher <> - plugin [emon] was disabled because it doesn't support the given collection type.
177 [22748] INFO perfrun.launcher <> - plugin [cuscol] was disabled because it doesn't support the given collection type.
177 [22748] INFO perfrun.launcher <> - plugin [stdsrc] was disabled because it doesn't support the given collection type.
177 [22748] INFO perfrun.launcher <> - plugin [sep] was disabled because it doesn't support the given collection type.
177 [22748] INFO perfrun.launcher <> - plugin [vtsspp] was disabled because it doesn't support the given collection type.
177 [22748] INFO perfrun.launcher <> - plugin [perf] was disabled because it doesn't support the given collection type.
177 [22748] INFO perfrun.launcher <> - plugin [aoclprofile] was disabled because it doesn't support the given collection type.
177 [22748] INFO perfrun.tpss <> - initialize tpss controller
177 [22748] INFO perfrun.tpss <> - configure collection mode: value = default_probe:nostack
178 [22748] INFO perfrun.tpss <> - configure collection mode: value = opencl_ex:nostack|0:0:2.0
178 [22748] INFO perfrun.tpss <> - configure collection mode: value = opencl:nostack|0:0:2.0
178 [22748] INFO perfrun.tpss <> - configure collection mode: value = mediasdk:nostack|0:0:2.0
178 [22748] INFO perfrun.tpss <> - configure collection mode: value = level_zero:nostack|0:0:2.0
178 [22748] INFO perfrun.tpss <> - configure collection mode: value = directx:nostack|0:0:2.0
178 [22748] INFO perfrun.tpss <> - default obj-size-min=1024
178 [22748] INFO perfrun.tpss <> - default hash-table-size=0
178 [22748] INFO perfrun.launcher <> - plugin [] was disabled because it doesn't support the given collection type.
178 [22748] INFO perfrun.launcher <> - plugin [] was disabled because it doesn't support the given collection type.
178 [22748] INFO perfrun.launcher <> - plugin [] was disabled because it doesn't support the given collection type.
178 [22748] INFO perfrun.launcher <> - plugin [] was disabled because it doesn't support the given collection type.
178 [22748] INFO perfrun.launcher <> - plugin [power] was disabled because it doesn't support the given collection type.
178 [22748] INFO perfrun.launcher <> - plugin [] was disabled because it doesn't support the given collection type.
178 [22748] INFO perfrun.launcher <> - plugin [] was disabled because it doesn't support the given collection type.
178 [22748] INFO perfrun.launcher <> - plugin [] was disabled because it doesn't support the given collection type.
178 [22748] INFO perfrun.launcher <> - plugin [l0_metrics] was disabled because it doesn't support the given collection type.
178 [22748] INFO perfrun.launcher <> - plugin [stall_reasons] was disabled because it doesn't support the given collection type.
178 [45324] INFO perfrun.launcher <> - set environment variable: PATH = C:\Program Files (x86)\Intel\oneAPI\vtune\2025.8\bin32\runtime;C:\Program Files (x86)\Intel\oneAPI\vtune\2025.8\bin64\runtime;C:\Program Files (x86)\Intel\oneAPI\vtune\2025.8\bin64;C:\Program Files (x86)\Intel\oneAPI\tbb\latest\env\..\bin\\;C:\Program Files (x86)\Intel\oneAPI\ocloc\latest\bin;C:\Program Files (x86)\Intel\oneAPI\mkl\latest\bin;C:\Program Files (x86)\Intel\oneAPI\ippcp\latest\bin;C:\Program Files (x86)\Intel\oneAPI\ipp\latest\bin;C:\Program Files (x86)\Intel\oneAPI\dpcpp-ct\latest\env\..\bin;C:\Program Files (x86)\Intel\oneAPI\dnnl\latest\env\..\bin;C:\Program Files (x86)\Intel\oneAPI\dev-utilities\latest\bin;C:\Program Files (x86)\Intel\oneAPI\dal\latest\bin;C:\Program Files (x86)\Intel\oneAPI\compiler\latest\lib\ocloc;C:\Program Files (x86)\Intel\oneAPI\compiler\latest\bin;C:\Program Files (x86)\Intel\oneAPI\advisor\2025.4\bin64;C:\Program Files (x86)\Microsoft Visual Studio\2022\BuildTools\VC\Tools\MSVC\14.44.35207\bin\HostX64\x64;C:\Program Files (x86)\Microsoft Visual Studio\2022\BuildTools\Common7\IDE\VC\VCPackages;C:\Program Files (x86)\Microsoft Visual Studio\2022\BuildTools\Common7\IDE\CommonExtensions\Microsoft\TestWindow;C:\Program Files (x86)\Microsoft Visual Studio\2022\BuildTools\MSBuild\Current\bin\Roslyn;C:\Program Files (x86)\Microsoft SDKs\Windows\v10.0A\bin\NETFX 4.8 Tools\x64\;C:\Program Files (x86)\Microsoft Visual Studio\2022\BuildTools\Team Tools\DiagnosticsHub\Collector;C:\Program Files (x86)\Microsoft Visual Studio\2022\BuildTools\Common7\IDE\Extensions\Microsoft\CodeCoverage.Console;C:\Program Files (x86)\Windows Kits\10\bin\10.0.26100.0\\x64;C:\Program Files (x86)\Windows Kits\10\bin\\x64;C:\Program Files (x86)\Microsoft Visual Studio\2022\BuildTools\\MSBuild\Current\Bin\amd64;C:\Windows\Microsoft.NET\Framework64\v4.0.30319;C:\Program Files (x86)\Microsoft Visual Studio\2022\BuildTools\Common7\IDE\;C:\Program Files (x86)\Microsoft Visual Studio\2022\BuildTools\Common7\Tools\;C:\Program Files\NVIDIA GPU Computing Toolkit\CUDA\v12.9\bin;C:\Program Files\NVIDIA GPU Computing Toolkit\CUDA\v12.9\libnvvp;C:\Program Files\nodejs;C:\Program Files\Java\jdk-20\bin;C:\Windows\system32;C:\Windows;C:\Windows\System32\Wbem;C:\Windows\System32\WindowsPowerShell\v1.0\;C:\Windows\System32\OpenSSH\;C:\Program Files\MATLAB\R2023a\bin;C:\Program Files\Git\cmd;C:\Program Files (x86)\NVIDIA Corporation\PhysX\Common;C:\Users\Jay07\AppData\Local\Google\Cloud SDK\google-cloud-sdk\bin;C:\WINDOWS\system32;C:\WINDOWS;C:\WINDOWS\System32\Wbem;C:\WINDOWS\System32\WindowsPowerShell\v1.0\;C:\WINDOWS\System32\OpenSSH\;C:\Program Files\dotnet\;C:\Program Files\nodejs\;C:\Users\Jay07\anaconda3\condabin\conda.bat;C:\Program Files\NVIDIA Corporation\NVIDIA App\NvDLISR;C:\Program Files\NVIDIA Corporation\Nsight Compute 2025.2.0\;C:\Program Files\CMake\bin;W:\Building\gsoc_prep\openvino\temp\Windows_AMD64\tbb\bin;C:\Program Files\NVIDIA Corporation\Nsight Systems 2025.1.3\target-windows-x64;C:\Program Files\NVIDIA Corporation\Nsight Compute 2025.2.0\target\windows-desktop-win7-x64;C:\Program Files\MySQL\MySQL Shell 8.0\bin\;C:\Users\Jay07\AppData\Local\Programs\Python\Python311\Scripts\;C:\Users\Jay07\AppData\Local\Programs\Python\Python311\;C:\Users\Jay07\AppData\Local\Microsoft\WindowsApps;C:\Users\Jay07\AppData\Local\Programs\Microsoft VS Code\bin;C:\Program Files\JetBrains\IntelliJ IDEA Community Edition 2023.1.3\bin;C:\Users\Jay07\AppData\Local\gitkraken\bin;C:\Users\Jay07\AppData\Local\Microsoft\WindowsApps;C:\Program Files\swipl\bin;C:\Users\Jay07\AppData\Roaming\npm;C:\Program Files (x86)\Microsoft Visual Studio\2022\BuildTools\Common7\IDE\CommonExtensions\Microsoft\CMake\CMake\bin;C:\Program Files (x86)\Microsoft Visual Studio\2022\BuildTools\Common7\IDE\CommonExtensions\Microsoft\CMake\Ninja;C:\Program Files (x86)\Microsoft Visual Studio\2022\BuildTools\Common7\IDE\VC\Linux\bin\ConnectionManagerExe;C:\Program Files (x86)\Microsoft Visual Studio\2022\BuildTools\VC\vcpkg;C:\Program Files (x86)\Intel\oneAPI\umf\latest\bin;C:\Program Files (x86)\Intel\oneAPI\tcm\latest\bin
178 [45324] INFO perfrun.launcher <> - set environment variable: INTEL_LIBITTNOTIFY32 = C:\Program Files (x86)\Intel\oneAPI\vtune\2025.8\bin32\runtime\ittnotify_collector.dll
178 [45324] INFO perfrun.launcher <> - set environment variable: INTEL_LIBITTNOTIFY64 = C:\Program Files (x86)\Intel\oneAPI\vtune\2025.8\bin64\runtime\ittnotify_collector.dll
179 [45324] INFO perfrun.launcher <> - set environment variable: INTEL_ITTNOTIFY_GROUPS = 
179 [45324] INFO perfrun.launcher <> - set environment variable: INTEL_JIT_PROFILER32 = C:\Program Files (x86)\Intel\oneAPI\vtune\2025.8\bin32\runtime\ittnotify_collector.dll
179 [45324] INFO perfrun.launcher <> - set environment variable: INTEL_JIT_PROFILER64 = C:\Program Files (x86)\Intel\oneAPI\vtune\2025.8\bin64\runtime\ittnotify_collector.dll
179 [45324] INFO perfrun.launcher <> - set environment variable: CCL_ITT_LEVEL = 1
179 [45324] INFO perfrun.launcher <> - set environment variable: ENABLE_JITPROFILING = 1
179 [45324] INFO perfrun.launcher <> - set environment variable: CL_CONFIG_USE_VTUNE = True
179 [45324] INFO perfrun.launcher <> - set environment variable: KMP_FORKJOIN_FRAMES = 0
179 [45324] INFO perfrun.launcher <> - set environment variable: KMP_FORKJOIN_FRAMES_MODE = 0
179 [45324] INFO perfrun.launcher <> - set environment variable: INTEL_MRTE_DATA_DIR = W:\Building\gsoc_prep\openvino\project10_poc\vtune_exploration\data.0
180 [45324] INFO perfrun.launcher <> - set environment variable: INTEL_MRTE_HOST_NAME = Jay
180 [45324] INFO perfrun.launcher <> - set environment variable: JAVA_TOOL_OPTIONS = -agentlib:amplxe_samplingmrte_javaprof_1.0
180 [45324] INFO perfrun.launcher <> - set environment variable: PATH = C:\Program Files (x86)\Intel\oneAPI\vtune\2025.8\bin32\runtime;C:\Program Files (x86)\Intel\oneAPI\vtune\2025.8\bin64\runtime;C:\Program Files (x86)\Intel\oneAPI\vtune\2025.8\bin64;C:\Program Files (x86)\Intel\oneAPI\tbb\latest\env\..\bin\\;C:\Program Files (x86)\Intel\oneAPI\ocloc\latest\bin;C:\Program Files (x86)\Intel\oneAPI\mkl\latest\bin;C:\Program Files (x86)\Intel\oneAPI\ippcp\latest\bin;C:\Program Files (x86)\Intel\oneAPI\ipp\latest\bin;C:\Program Files (x86)\Intel\oneAPI\dpcpp-ct\latest\env\..\bin;C:\Program Files (x86)\Intel\oneAPI\dnnl\latest\env\..\bin;C:\Program Files (x86)\Intel\oneAPI\dev-utilities\latest\bin;C:\Program Files (x86)\Intel\oneAPI\dal\latest\bin;C:\Program Files (x86)\Intel\oneAPI\compiler\latest\lib\ocloc;C:\Program Files (x86)\Intel\oneAPI\compiler\latest\bin;C:\Program Files (x86)\Intel\oneAPI\advisor\2025.4\bin64;C:\Program Files (x86)\Microsoft Visual Studio\2022\BuildTools\VC\Tools\MSVC\14.44.35207\bin\HostX64\x64;C:\Program Files (x86)\Microsoft Visual Studio\2022\BuildTools\Common7\IDE\VC\VCPackages;C:\Program Files (x86)\Microsoft Visual Studio\2022\BuildTools\Common7\IDE\CommonExtensions\Microsoft\TestWindow;C:\Program Files (x86)\Microsoft Visual Studio\2022\BuildTools\MSBuild\Current\bin\Roslyn;C:\Program Files (x86)\Microsoft SDKs\Windows\v10.0A\bin\NETFX 4.8 Tools\x64\;C:\Program Files (x86)\Microsoft Visual Studio\2022\BuildTools\Team Tools\DiagnosticsHub\Collector;C:\Program Files (x86)\Microsoft Visual Studio\2022\BuildTools\Common7\IDE\Extensions\Microsoft\CodeCoverage.Console;C:\Program Files (x86)\Windows Kits\10\bin\10.0.26100.0\\x64;C:\Program Files (x86)\Windows Kits\10\bin\\x64;C:\Program Files (x86)\Microsoft Visual Studio\2022\BuildTools\\MSBuild\Current\Bin\amd64;C:\Windows\Microsoft.NET\Framework64\v4.0.30319;C:\Program Files (x86)\Microsoft Visual Studio\2022\BuildTools\Common7\IDE\;C:\Program Files (x86)\Microsoft Visual Studio\2022\BuildTools\Common7\Tools\;C:\Program Files\NVIDIA GPU Computing Toolkit\CUDA\v12.9\bin;C:\Program Files\NVIDIA GPU Computing Toolkit\CUDA\v12.9\libnvvp;C:\Program Files\nodejs;C:\Program Files\Java\jdk-20\bin;C:\Windows\system32;C:\Windows;C:\Windows\System32\Wbem;C:\Windows\System32\WindowsPowerShell\v1.0\;C:\Windows\System32\OpenSSH\;C:\Program Files\MATLAB\R2023a\bin;C:\Program Files\Git\cmd;C:\Program Files (x86)\NVIDIA Corporation\PhysX\Common;C:\Users\Jay07\AppData\Local\Google\Cloud SDK\google-cloud-sdk\bin;C:\WINDOWS\system32;C:\WINDOWS;C:\WINDOWS\System32\Wbem;C:\WINDOWS\System32\WindowsPowerShell\v1.0\;C:\WINDOWS\System32\OpenSSH\;C:\Program Files\dotnet\;C:\Program Files\nodejs\;C:\Users\Jay07\anaconda3\condabin\conda.bat;C:\Program Files\NVIDIA Corporation\NVIDIA App\NvDLISR;C:\Program Files\NVIDIA Corporation\Nsight Compute 2025.2.0\;C:\Program Files\CMake\bin;W:\Building\gsoc_prep\openvino\temp\Windows_AMD64\tbb\bin;C:\Program Files\NVIDIA Corporation\Nsight Systems 2025.1.3\target-windows-x64;C:\Program Files\NVIDIA Corporation\Nsight Compute 2025.2.0\target\windows-desktop-win7-x64;C:\Program Files\MySQL\MySQL Shell 8.0\bin\;C:\Users\Jay07\AppData\Local\Programs\Python\Python311\Scripts\;C:\Users\Jay07\AppData\Local\Programs\Python\Python311\;C:\Users\Jay07\AppData\Local\Microsoft\WindowsApps;C:\Users\Jay07\AppData\Local\Programs\Microsoft VS Code\bin;C:\Program Files\JetBrains\IntelliJ IDEA Community Edition 2023.1.3\bin;C:\Users\Jay07\AppData\Local\gitkraken\bin;C:\Users\Jay07\AppData\Local\Microsoft\WindowsApps;C:\Program Files\swipl\bin;C:\Users\Jay07\AppData\Roaming\npm;C:\Program Files (x86)\Microsoft Visual Studio\2022\BuildTools\Common7\IDE\CommonExtensions\Microsoft\CMake\CMake\bin;C:\Program Files (x86)\Microsoft Visual Studio\2022\BuildTools\Common7\IDE\CommonExtensions\Microsoft\CMake\Ninja;C:\Program Files (x86)\Microsoft Visual Studio\2022\BuildTools\Common7\IDE\VC\Linux\bin\ConnectionManagerExe;C:\Program Files (x86)\Microsoft Visual Studio\2022\BuildTools\VC\vcpkg;C:\Program Files (x86)\Intel\oneAPI\umf\latest\bin;C:\Program Files (x86)\Intel\oneAPI\tcm\latest\bin
180 [45324] INFO perfrun.launcher <> - set environment variable: COR_ENABLE_PROFILING = 1
180 [45324] INFO perfrun.launcher <> - set environment variable: COR_PROFILER = {AA5E4821-E3B1-479c-B7FF-5AD047D22CED}
180 [45324] INFO perfrun.launcher <> - set environment variable: COMPLUS_ProfAPI_ProfilerCompatibilitySetting = EnableV2Profiler
180 [45324] INFO perfrun.launcher <> - set environment variable: CORECLR_ENABLE_PROFILING = 1
180 [45324] INFO perfrun.launcher <> - set environment variable: CORECLR_PROFILER = {AA5E4821-E3B1-479c-B7FF-5AD047D22CED}
180 [45324] INFO perfrun.launcher <> - set environment variable: CORECLR_PROFILER_PATH = C:\Program Files (x86)\Intel\oneAPI\vtune\2025.8\bin64/amplxe_samplingmrte_clrprof_1.0.dll
180 [45324] INFO perfrun.launcher <> - set environment variable: INTEL_MRTE_PROFILER_MODE = mixed
181 [45324] INFO perfrun.launcher <> - set environment variable: NEOReadDebugKeys = 1
181 [45324] INFO perfrun.launcher <> - set environment variable: NEOReadDebugKeys = 1
181 [45324] INFO perfrun.launcher <> - RpcServer: run RPC server to handle requests
187 [45324] INFO perfrun.sdk <> - IProcessUtil: the given executable 'W:\Building\gsoc_prep\openvino\bin\intel64\Release\benchmark_app.exe' is valid.
187 [45324] INFO perfrun.launcher <> - Launcher: command line to start before modification = W:\Building\gsoc_prep\openvino\bin\intel64\Release\benchmark_app.exe -m ..\resnet-50-pytorch\FP16\resnet-50-pytorch.xml -d GPU -niter 1 -api sync -nireq 1
189 [45324] INFO perfrun.launcher <> - Launcher: command line to start after modification = C:\Program Files (x86)\Intel\oneAPI\vtune\2025.8\bin64\pin.exe -error_file W:\Building\gsoc_prep\openvino\project10_poc\vtune_exploration\data.0\pinerr.tpsslog -detach_reattach -probe -follow_execv -p32 C:\Program Files (x86)\Intel\oneAPI\vtune\2025.8\bin32\pin.exe -p64 C:\Program Files (x86)\Intel\oneAPI\vtune\2025.8\bin64\pin.exe -t64 C:\Program Files (x86)\Intel\oneAPI\vtune\2025.8\bin64\tpsstool.dll -t C:\Program Files (x86)\Intel\oneAPI\vtune\2025.8\bin32\tpsstool.dll -server_name tpss_ipc.58956 -prd_dir C:\Program Files (x86)\Intel\oneAPI\vtune\2025.8 -- W:\Building\gsoc_prep\openvino\bin\intel64\Release\benchmark_app.exe -m ..\resnet-50-pytorch\FP16\resnet-50-pytorch.xml -d GPU -niter 1 -api sync -nireq 1
189 [45324] INFO perfrun.launcher <> - ProcessCreator object was created
194 [45324] INFO perfrun.launcher <> - Launcher: the process was started in suspend mode
196 [22748] INFO perfrun.itt <> - start itt controller for pid #4116
200 [22748] INFO perfrun.sdk <> - Allocating TMU :W:\Building\gsoc_prep\openvino\project10_poc\vtune_exploration\data.0\gen_metrics0.0.2.0.0.oa.0.cfg
200 [22748] INFO perfrun.sdk <> - De-allocating TMU: W:\Building\gsoc_prep\openvino\project10_poc\vtune_exploration\data.0\gen_metrics0.0.2.0.0.oa.0.cfg
214 [22748] INFO perfrun.etw <> - Trace session was captured
214 [59296] INFO perfrun.sdk <> - Allocating TMU :W:\Building\gsoc_prep\openvino\project10_poc\vtune_exploration\data.0\gen_metrics0.0.2.0.0.oa.0.vtss
215 [59296] INFO perfrun.gpu <> - Open stream for subdevice 0
235 [22748] INFO perfrun.etw <> - append event trace log: C:\Users\Jay07\AppData\Local\Temp\amplxe-tmp-Jay07\perfrun1_etw_2644060319601.etl
235 [22748] INFO perfrun.etw <> - is event consumer initialized: 0
235 [22748] INFO perfrun.etw <> - Trace session was captured
258 [58412] INFO perfrun.sdk <> - Allocating TMU :W:\Building\gsoc_prep\openvino\project10_poc\vtune_exploration\data.0\gdata.0.edx
415 [22748] INFO perfrun.etw <> - append event trace log: PERFRUN_DXETW_TRACE_SESSION
415 [22748] INFO perfrun.etw <> - is event consumer initialized: 1
415 [22748] INFO perfrun.tpss <> - start tpss controller for pid #4116
481 [45324] INFO perfrun.launcher <> - Launcher: all plugins were started
481 [45324] INFO perfrun.launcher <> - DirectoryMonitor object was created
481 [45324] INFO perfrun.launcher <> - DirectoryMonitor: a callback was added
481 [45324] INFO perfrun.launcher <> - DirectoryMonitor was started with pingTime = 1000
481 [45324] INFO perfrun.launcher <> - DeadlineTimer is going to be constructed
482 [45324] INFO perfrun.launcher <> - DeadlineTimer: a callback was added
500 [45324] INFO perfrun.launcher <> - Launcher: resume the profiled application and  wait its termination or stop command
5938 [45324] INFO perfrun.launcher <> - Launcher: the profiled application was terminated  with exit code = 0
6018 [22748] INFO perfrun.itt <> - detach itt controller
6018 [22748] INFO perfrun.itt <> - detach itt controller done
6018 [22748] INFO perfrun.gpu <> - Waiting for data collection thread to finish
6306 [59296] INFO perfrun.sdk <> - De-allocating TMU: W:\Building\gsoc_prep\openvino\project10_poc\vtune_exploration\data.0\gen_metrics0.0.2.0.0.oa.0.vtss
6332 [22748] INFO perfrun.gpu <> - Data collection thread finished, shutting down the session
6427 [22748] INFO perfrun.etw <> - is event consumer initialized: 1
6427 [22748] INFO perfrun.sdk <> - De-allocating TMU: W:\Building\gsoc_prep\openvino\project10_poc\vtune_exploration\data.0\gdata.0.edx
6440 [22748] INFO perfrun.tpss <> - stop tpss controller
6444 [22748] INFO perfrun.sdk <> - De-allocating TMU: W:\Building\gsoc_prep\openvino\project10_poc\vtune_exploration\data.0\systemcollector-58956-Jay.sc
6456 [22748] INFO perfrun.system <> - closed the system trace file: W:\Building\gsoc_prep\openvino\project10_poc\vtune_exploration\data.0\systemcollector-58956-Jay.sc
6456 [45324] INFO perfrun.launcher <> - Launcher: all plugins were stopped.
6456 [45324] INFO perfrun.launcher <> - DeadlineTimer is going to be destroyed
6457 [45324] INFO perfrun.launcher <> - DeadlineTimer was destroyed
6457 [45324] INFO perfrun.launcher <> - DirectoryMonitor object was destroyed
6458 [45324] WARN perfrun.launcher <> - Stop command is ignored because it is received when collection is already stopped, at file: vcs\perfrun1\launcher\src\command_handler.cpp:226
6460 [45324] INFO perfrun.launcher <> - Application exit code: 0
6460 [45324] INFO perfrun.launcher <> - Exit code: 0
